This is XeTeX, Version 3.141592653-2.6-0.999994 (TeX Live 2022) (preloaded format=xelatex 2022.7.24)  27 NOV 2022 10:21
entering extended mode
 restricted \write18 enabled.
 %&-line parsing enabled.
**Tu.tex
(./Tu.tex
LaTeX2e <2022-06-01> patch level 5
L3 programming layer <2022-07-15>
(c:/texlive/2022/texmf-dist/tex/latex/base/article.cls
Document Class: article 2021/10/04 v1.4n Standard LaTeX document class
(c:/texlive/2022/texmf-dist/tex/latex/base/size10.clo
File: size10.clo 2021/10/04 v1.4n Standard LaTeX file (size option)
)
\c@part=\count181
\c@section=\count182
\c@subsection=\count183
\c@subsubsection=\count184
\c@paragraph=\count185
\c@subparagraph=\count186
\c@figure=\count187
\c@table=\count188
\abovecaptionskip=\skip47
\belowcaptionskip=\skip48
\bibindent=\dimen138
) (./header.tex
(c:/texlive/2022/texmf-dist/tex/latex/amsfonts/amsfonts.sty
Package: amsfonts 2013/01/14 v3.01 Basic AMSFonts support
\@emptytoks=\toks16
\symAMSa=\mathgroup4
\symAMSb=\mathgroup5
LaTeX Font Info:    Redeclaring math symbol \hbar on input line 98.
LaTeX Font Info:    Overwriting math alphabet `\mathfrak' in version `bold'
(Font)                  U/euf/m/n --> U/euf/b/n on input line 106.
)
(c:/texlive/2022/texmf-dist/tex/latex/amsmath/amsmath.sty
Package: amsmath 2022/04/08 v2.17n AMS math features
\@mathmargin=\skip49

For additional information on amsmath, use the `?' option.
(c:/texlive/2022/texmf-dist/tex/latex/amsmath/amstext.sty
Package: amstext 2021/08/26 v2.01 AMS text

(c:/texlive/2022/texmf-dist/tex/latex/amsmath/amsgen.sty
File: amsgen.sty 1999/11/30 v2.0 generic functions
\@emptytoks=\toks17
\ex@=\dimen139
))
(c:/texlive/2022/texmf-dist/tex/latex/amsmath/amsbsy.sty
Package: amsbsy 1999/11/29 v1.2d Bold Symbols
\pmbraise@=\dimen140
)
(c:/texlive/2022/texmf-dist/tex/latex/amsmath/amsopn.sty
Package: amsopn 2022/04/08 v2.04 operator names
)
\inf@bad=\count189
LaTeX Info: Redefining \frac on input line 234.
\uproot@=\count190
\leftroot@=\count191
LaTeX Info: Redefining \overline on input line 399.
LaTeX Info: Redefining \colon on input line 410.
\classnum@=\count192
\DOTSCASE@=\count193
LaTeX Info: Redefining \ldots on input line 496.
LaTeX Info: Redefining \dots on input line 499.
LaTeX Info: Redefining \cdots on input line 620.
\Mathstrutbox@=\box51
\strutbox@=\box52
LaTeX Info: Redefining \big on input line 722.
LaTeX Info: Redefining \Big on input line 723.
LaTeX Info: Redefining \bigg on input line 724.
LaTeX Info: Redefining \Bigg on input line 725.
\big@size=\dimen141
LaTeX Font Info:    Redeclaring font encoding OML on input line 743.
LaTeX Font Info:    Redeclaring font encoding OMS on input line 744.
\macc@depth=\count194
LaTeX Info: Redefining \bmod on input line 905.
LaTeX Info: Redefining \pmod on input line 910.
LaTeX Info: Redefining \smash on input line 940.
LaTeX Info: Redefining \relbar on input line 970.
LaTeX Info: Redefining \Relbar on input line 971.
\c@MaxMatrixCols=\count195
\dotsspace@=\muskip16
\c@parentequation=\count196
\dspbrk@lvl=\count197
\tag@help=\toks18
\row@=\count198
\column@=\count199
\maxfields@=\count266
\andhelp@=\toks19
\eqnshift@=\dimen142
\alignsep@=\dimen143
\tagshift@=\dimen144
\tagwidth@=\dimen145
\totwidth@=\dimen146
\lineht@=\dimen147
\@envbody=\toks20
\multlinegap=\skip50
\multlinetaggap=\skip51
\mathdisplay@stack=\toks21
LaTeX Info: Redefining \[ on input line 2953.
LaTeX Info: Redefining \] on input line 2954.
)
(c:/texlive/2022/texmf-dist/tex/latex/amsfonts/amssymb.sty
Package: amssymb 2013/01/14 v3.01 AMS font symbols
)
(c:/texlive/2022/texmf-dist/tex/latex/amscls/amsthm.sty
Package: amsthm 2020/05/29 v2.20.6
\thm@style=\toks22
\thm@bodyfont=\toks23
\thm@headfont=\toks24
\thm@notefont=\toks25
\thm@headpunct=\toks26
\thm@preskip=\skip52
\thm@postskip=\skip53
\thm@headsep=\skip54
\dth@everypar=\toks27
)
\c@tuilun=\count267
\c@dingyi=\count268
\c@lizi=\count269
\c@lianxi=\count270
\c@yinli=\count271
\c@jihao=\count272
\c@yueding=\count273
\c@mingti=\count274
\c@dingli=\count275
\c@caogao=\count276
\c@pinglun=\count277

(c:/texlive/2022/texmf-dist/tex/latex/booktabs/booktabs.sty
Package: booktabs 2020/01/12 v1.61803398 Publication quality tables
\heavyrulewidth=\dimen148
\lightrulewidth=\dimen149
\cmidrulewidth=\dimen150
\belowrulesep=\dimen151
\belowbottomsep=\dimen152
\aboverulesep=\dimen153
\abovetopsep=\dimen154
\cmidrulesep=\dimen155
\cmidrulekern=\dimen156
\defaultaddspace=\dimen157
\@cmidla=\count278
\@cmidlb=\count279
\@aboverulesep=\dimen158
\@belowrulesep=\dimen159
\@thisruleclass=\count280
\@lastruleclass=\count281
\@thisrulewidth=\dimen160
)
(c:/texlive/2022/texmf-dist/tex/latex/caption/caption.sty
Package: caption 2022/03/01 v3.6b Customizing captions (AR)

(c:/texlive/2022/texmf-dist/tex/latex/caption/caption3.sty
Package: caption3 2022/03/17 v2.3b caption3 kernel (AR)

(c:/texlive/2022/texmf-dist/tex/latex/graphics/keyval.sty
Package: keyval 2022/05/29 v1.15 key=value parser (DPC)
\KV@toks@=\toks28
)
\caption@tempdima=\dimen161
\captionmargin=\dimen162
\caption@leftmargin=\dimen163
\caption@rightmargin=\dimen164
\caption@width=\dimen165
\caption@indent=\dimen166
\caption@parindent=\dimen167
\caption@hangindent=\dimen168
Package caption Info: Standard document class detected.
)
\c@caption@flags=\count282
\c@continuedfloat=\count283
)
(c:/texlive/2022/texmf-dist/tex/generic/soul/soul.sty
Package: soul 2003/11/17 v2.4 letterspacing/underlining (mf)
\SOUL@word=\toks29
\SOUL@lasttoken=\toks30
\SOUL@cmds=\toks31
\SOUL@buffer=\toks32
\SOUL@token=\toks33
\SOUL@spaceskip=\skip55
\SOUL@ttwidth=\dimen169
\SOUL@uldp=\dimen170
\SOUL@ulht=\dimen171
)
(c:/texlive/2022/texmf-dist/tex/latex/graphics/color.sty
Package: color 2022/01/06 v1.3d Standard LaTeX Color (DPC)

(c:/texlive/2022/texmf-dist/tex/latex/graphics-cfg/color.cfg
File: color.cfg 2016/01/02 v1.6 sample color configuration
)
Package color Info: Driver file: xetex.def on input line 149.

(c:/texlive/2022/texmf-dist/tex/latex/graphics-def/xetex.def
File: xetex.def 2022/04/16 v5.0m Graphics/color driver for xetex
)
(c:/texlive/2022/texmf-dist/tex/latex/graphics/mathcolor.ltx))
(c:/texlive/2022/texmf-dist/tex/latex/xcolor/xcolor.sty
Package: xcolor 2022/06/12 v2.14 LaTeX color extensions (UK)

(c:/texlive/2022/texmf-dist/tex/latex/graphics-cfg/color.cfg
File: color.cfg 2016/01/02 v1.6 sample color configuration
)
Package xcolor Info: Driver file: xetex.def on input line 227.
LaTeX Info: Redefining \color on input line 711.

(c:/texlive/2022/texmf-dist/tex/latex/graphics/mathcolor.ltx)
Package xcolor Info: Model `cmy' substituted by `cmy0' on input line 1353.
Package xcolor Info: Model `RGB' extended on input line 1369.
Package xcolor Info: Model `HTML' substituted by `rgb' on input line 1371.
Package xcolor Info: Model `Hsb' substituted by `hsb' on input line 1372.
Package xcolor Info: Model `tHsb' substituted by `hsb' on input line 1373.
Package xcolor Info: Model `HSB' substituted by `hsb' on input line 1374.
Package xcolor Info: Model `Gray' substituted by `gray' on input line 1375.
Package xcolor Info: Model `wave' substituted by `hsb' on input line 1376.
)
(c:/texlive/2022/texmf-dist/tex/latex/enumitem/enumitem.sty
Package: enumitem 2019/06/20 v3.9 Customized lists
\labelindent=\skip56
\enit@outerparindent=\dimen172
\enit@toks=\toks34
\enit@inbox=\box53
\enit@count@id=\count284
\enitdp@description=\count285
)
(c:/texlive/2022/texmf-dist/tex/latex/esint/esint.sty
Package: esint 
\symlargesymbolsA=\mathgroup6
)
(c:/texlive/2022/texmf-dist/tex/latex/fancyhdr/fancyhdr.sty
Package: fancyhdr 2022/05/18 v4.0.3 Extensive control of page headers and foote
rs
\f@nch@headwidth=\skip57
\f@nch@O@elh=\skip58
\f@nch@O@erh=\skip59
\f@nch@O@olh=\skip60
\f@nch@O@orh=\skip61
\f@nch@O@elf=\skip62
\f@nch@O@erf=\skip63
\f@nch@O@olf=\skip64
\f@nch@O@orf=\skip65
)
(c:/texlive/2022/texmf-dist/tex/latex/float/float.sty
Package: float 2001/11/08 v1.3d Float enhancements (AL)
\c@float@type=\count286
\float@exts=\toks35
\float@box=\box54
\@float@everytoks=\toks36
\@floatcapt=\box55
)
(c:/texlive/2022/texmf-dist/tex/latex/framed/framed.sty
Package: framed 2011/10/22 v 0.96: framed or shaded text with page breaks
\OuterFrameSep=\skip66
\fb@frw=\dimen173
\fb@frh=\dimen174
\FrameRule=\dimen175
\FrameSep=\dimen176
)
(c:/texlive/2022/texmf-dist/tex/latex/graphics/graphicx.sty
Package: graphicx 2021/09/16 v1.2d Enhanced LaTeX Graphics (DPC,SPQR)

(c:/texlive/2022/texmf-dist/tex/latex/graphics/graphics.sty
Package: graphics 2022/03/10 v1.4e Standard LaTeX Graphics (DPC,SPQR)

(c:/texlive/2022/texmf-dist/tex/latex/graphics/trig.sty
Package: trig 2021/08/11 v1.11 sin cos tan (DPC)
)
(c:/texlive/2022/texmf-dist/tex/latex/graphics-cfg/graphics.cfg
File: graphics.cfg 2016/06/04 v1.11 sample graphics configuration
)
Package graphics Info: Driver file: xetex.def on input line 107.
)
\Gin@req@height=\dimen177
\Gin@req@width=\dimen178
)
(c:/texlive/2022/texmf-dist/tex/latex/listings/listings.sty
\lst@mode=\count287
\lst@gtempboxa=\box56
\lst@token=\toks37
\lst@length=\count288
\lst@currlwidth=\dimen179
\lst@column=\count289
\lst@pos=\count290
\lst@lostspace=\dimen180
\lst@width=\dimen181
\lst@newlines=\count291
\lst@lineno=\count292
\lst@maxwidth=\dimen182

(c:/texlive/2022/texmf-dist/tex/latex/listings/lstmisc.sty
File: lstmisc.sty 2020/03/24 1.8d (Carsten Heinz)
\c@lstnumber=\count293
\lst@skipnumbers=\count294
\lst@framebox=\box57
)
(c:/texlive/2022/texmf-dist/tex/latex/listings/listings.cfg
File: listings.cfg 2020/03/24 1.8d listings configuration
))
Package: listings 2020/03/24 1.8d (Carsten Heinz)

(c:/texlive/2022/texmf-dist/tex/generic/mathdots/mathdots.sty
Package: mathdots 2014/06/11 v0.9 Improve and add various macros for dots in ma
th.
\MDo@unit=\dimen183
\MDo@dotsbox=\box58
\MDoprekern=\muskip17
\MDopostkern=\muskip18
\MDodotkern=\muskip19
)
(c:/texlive/2022/texmf-dist/tex/latex/mathtools/mathtools.sty
Package: mathtools 2022/06/29 v1.29 mathematical typesetting tools

(c:/texlive/2022/texmf-dist/tex/latex/tools/calc.sty
Package: calc 2017/05/25 v4.3 Infix arithmetic (KKT,FJ)
\calc@Acount=\count295
\calc@Bcount=\count296
\calc@Adimen=\dimen184
\calc@Bdimen=\dimen185
\calc@Askip=\skip67
\calc@Bskip=\skip68
LaTeX Info: Redefining \setlength on input line 80.
LaTeX Info: Redefining \addtolength on input line 81.
\calc@Ccount=\count297
\calc@Cskip=\skip69
)
(c:/texlive/2022/texmf-dist/tex/latex/mathtools/mhsetup.sty
Package: mhsetup 2021/03/18 v1.4 programming setup (MH)
)
\g_MT_multlinerow_int=\count298
\l_MT_multwidth_dim=\dimen186
\origjot=\skip70
\l_MT_shortvdotswithinadjustabove_dim=\dimen187
\l_MT_shortvdotswithinadjustbelow_dim=\dimen188
\l_MT_above_intertext_sep=\dimen189
\l_MT_below_intertext_sep=\dimen190
\l_MT_above_shortintertext_sep=\dimen191
\l_MT_below_shortintertext_sep=\dimen192
\xmathstrut@box=\box59
\xmathstrut@dim=\dimen193
)
(c:/texlive/2022/texmf-dist/tex/latex/jknapltx/mathrsfs.sty
Package: mathrsfs 1996/01/01 Math RSFS package v1.0 (jk)
\symrsfs=\mathgroup7
)
(c:/texlive/2022/texmf-dist/tex/latex/marginnote/marginnote.sty
Package: marginnote 2018/08/09 v1.4b non floating margin notes for LaTeX
\c@mn@abspage=\count299
)
(c:/texlive/2022/texmf-dist/tex/latex/microtype/microtype.sty
Package: microtype 2022/06/23 v3.0f Micro-typographical refinements (RS)

(c:/texlive/2022/texmf-dist/tex/latex/etoolbox/etoolbox.sty
Package: etoolbox 2020/10/05 v2.5k e-TeX tools for LaTeX (JAW)
\etb@tempcnta=\count300
)
\MT@toks=\toks38
\MT@tempbox=\box60
\MT@count=\count301
LaTeX Info: Redefining \noprotrusionifhmode on input line 1045.
LaTeX Info: Redefining \leftprotrusion on input line 1046.
LaTeX Info: Redefining \rightprotrusion on input line 1056.
LaTeX Info: Redefining \textls on input line 1234.
\MT@outer@kern=\dimen194
LaTeX Info: Redefining \textmicrotypecontext on input line 1858.
\MT@listname@count=\count302

(c:/texlive/2022/texmf-dist/tex/latex/microtype/microtype-xetex.def
File: microtype-xetex.def 2022/06/23 v3.0f Definitions specific to xetex (RS)
LaTeX Info: Redefining \lsstyle on input line 236.
)
Package microtype Info: Loading configuration file microtype.cfg.

(c:/texlive/2022/texmf-dist/tex/latex/microtype/microtype.cfg
File: microtype.cfg 2022/06/23 v3.0f microtype main configuration file (RS)
))
(c:/texlive/2022/texmf-dist/tex/latex/mhchem/mhchem.sty
Package: mhchem 2021/12/31 v4.09 for typesetting chemical formulae

(c:/texlive/2022/texmf-dist/tex/latex/l3kernel/expl3.sty
Package: expl3 2022-07-15 L3 programming layer (loader) 

(c:/texlive/2022/texmf-dist/tex/latex/l3backend/l3backend-xetex.def
File: l3backend-xetex.def 2022-07-01 L3 backend support: XeTeX
\g__graphics_track_int=\count303
\l__pdf_internal_box=\box61
\g__pdf_backend_object_int=\count304
\g__pdf_backend_annotation_int=\count305
\g__pdf_backend_link_int=\count306
))
(c:/texlive/2022/texmf-dist/tex/latex/l3packages/l3keys2e/l3keys2e.sty
Package: l3keys2e 2022-06-22 LaTeX2e option processing using LaTeX3 keys
)
(c:/texlive/2022/texmf-dist/tex/latex/chemgreek/chemgreek.sty
(c:/texlive/2022/texmf-dist/tex/latex/l3packages/xparse/xparse.sty
Package: xparse 2022-06-22 L3 Experimental document command parser
)
Package: chemgreek 2020/01/16 v1.1a interface for upright Greek letters for use
 in chemistry (CN)
\l__chemgreek_tmpa_int=\count307
\g__chemgreek_tmpa_int=\count308
)
\l__mhchem_ce_distanceFromLastComma_int=\count309
\__mhchem_arrow_extPgfLength_skip=\skip71
\mhchem@minispace@tmp=\skip72
\mhchem@minibackspace@tmp=\skip73
\mhchem@bondwidth=\skip74
\mhchem@bondheight=\skip75
\mhchem@smallbondwidth@tmpA=\skip76
\mhchem@smallbondwidth@tmpB=\skip77
\mhchem@smallbondwidth=\skip78
\mhchem@bondtmp@minussidebearingleft=\skip79
\mhchem@bondtmp@minussidebearingright=\skip80
\l__mhchem_option_version_int=\count310
\mhchem@option@minusmathsidebearingleft=\dimen195
\mhchem@option@minusmathsidebearingright=\dimen196
\mhchem@option@minustextsidebearingleft=\dimen197
\mhchem@option@minustextsidebearingright=\dimen198
)
(c:/texlive/2022/texmf-dist/tex/latex/multirow/multirow.sty
Package: multirow 2021/03/15 v2.8 Span multiple rows of a table
\multirow@colwidth=\skip81
\multirow@cntb=\count311
\multirow@dima=\skip82
\bigstrutjot=\dimen199
)
(c:/texlive/2022/texmf-dist/tex/latex/pdflscape/pdflscape.sty
Package: pdflscape 2019/12/05 v0.12 Display of landscape pages in PDF (HO)

(c:/texlive/2022/texmf-dist/tex/generic/iftex/iftex.sty
Package: iftex 2022/02/03 v1.0f TeX engine tests
)
(c:/texlive/2022/texmf-dist/tex/latex/graphics/lscape.sty
Package: lscape 2020/05/28 v3.02 Landscape Pages (DPC)
)
Package pdflscape Info: Auto-detected driver: dvipdfm (xetex) on input line 98.


(c:/texlive/2022/texmf-dist/tex/latex/base/atbegshi-ltx.sty
Package: atbegshi-ltx 2021/01/10 v1.0c Emulation of the original atbegshi
package with kernel methods
))
(c:/texlive/2022/texmf-dist/tex/latex/pgfplots/pgfplots.sty
(c:/texlive/2022/texmf-dist/tex/generic/pgfplots/pgfplots.revision.tex)
Package: pgfplots 2021/05/15 v1.18.1 Data Visualization (1.18.1)

(c:/texlive/2022/texmf-dist/tex/latex/pgf/frontendlayer/tikz.sty
(c:/texlive/2022/texmf-dist/tex/latex/pgf/basiclayer/pgf.sty
(c:/texlive/2022/texmf-dist/tex/latex/pgf/utilities/pgfrcs.sty
(c:/texlive/2022/texmf-dist/tex/generic/pgf/utilities/pgfutil-common.tex
\pgfutil@everybye=\toks39
\pgfutil@tempdima=\dimen256
\pgfutil@tempdimb=\dimen257

(c:/texlive/2022/texmf-dist/tex/generic/pgf/utilities/pgfutil-common-lists.tex)
) (c:/texlive/2022/texmf-dist/tex/generic/pgf/utilities/pgfutil-latex.def
\pgfutil@abb=\box62
)
(c:/texlive/2022/texmf-dist/tex/generic/pgf/utilities/pgfrcs.code.tex
(c:/texlive/2022/texmf-dist/tex/generic/pgf/pgf.revision.tex)
Package: pgfrcs 2021/05/15 v3.1.9a (3.1.9a)
))
Package: pgf 2021/05/15 v3.1.9a (3.1.9a)

(c:/texlive/2022/texmf-dist/tex/latex/pgf/basiclayer/pgfcore.sty
(c:/texlive/2022/texmf-dist/tex/latex/pgf/systemlayer/pgfsys.sty
(c:/texlive/2022/texmf-dist/tex/generic/pgf/systemlayer/pgfsys.code.tex
Package: pgfsys 2021/05/15 v3.1.9a (3.1.9a)

(c:/texlive/2022/texmf-dist/tex/generic/pgf/utilities/pgfkeys.code.tex
\pgfkeys@pathtoks=\toks40
\pgfkeys@temptoks=\toks41

(c:/texlive/2022/texmf-dist/tex/generic/pgf/utilities/pgfkeysfiltered.code.tex
\pgfkeys@tmptoks=\toks42
))
\pgf@x=\dimen258
\pgf@y=\dimen259
\pgf@xa=\dimen260
\pgf@ya=\dimen261
\pgf@xb=\dimen262
\pgf@yb=\dimen263
\pgf@xc=\dimen264
\pgf@yc=\dimen265
\pgf@xd=\dimen266
\pgf@yd=\dimen267
\w@pgf@writea=\write3
\r@pgf@reada=\read2
\c@pgf@counta=\count312
\c@pgf@countb=\count313
\c@pgf@countc=\count314
\c@pgf@countd=\count315
\t@pgf@toka=\toks43
\t@pgf@tokb=\toks44
\t@pgf@tokc=\toks45
\pgf@sys@id@count=\count316
 (c:/texlive/2022/texmf-dist/tex/generic/pgf/systemlayer/pgf.cfg
File: pgf.cfg 2021/05/15 v3.1.9a (3.1.9a)
)
Driver file for pgf: pgfsys-xetex.def

(c:/texlive/2022/texmf-dist/tex/generic/pgf/systemlayer/pgfsys-xetex.def
File: pgfsys-xetex.def 2021/05/15 v3.1.9a (3.1.9a)

(c:/texlive/2022/texmf-dist/tex/generic/pgf/systemlayer/pgfsys-dvipdfmx.def
File: pgfsys-dvipdfmx.def 2021/05/15 v3.1.9a (3.1.9a)

(c:/texlive/2022/texmf-dist/tex/generic/pgf/systemlayer/pgfsys-common-pdf.def
File: pgfsys-common-pdf.def 2021/05/15 v3.1.9a (3.1.9a)
)
\pgfsys@objnum=\count317
)))
(c:/texlive/2022/texmf-dist/tex/generic/pgf/systemlayer/pgfsyssoftpath.code.tex
File: pgfsyssoftpath.code.tex 2021/05/15 v3.1.9a (3.1.9a)
\pgfsyssoftpath@smallbuffer@items=\count318
\pgfsyssoftpath@bigbuffer@items=\count319
)
(c:/texlive/2022/texmf-dist/tex/generic/pgf/systemlayer/pgfsysprotocol.code.tex
File: pgfsysprotocol.code.tex 2021/05/15 v3.1.9a (3.1.9a)
)) (c:/texlive/2022/texmf-dist/tex/generic/pgf/basiclayer/pgfcore.code.tex
Package: pgfcore 2021/05/15 v3.1.9a (3.1.9a)

(c:/texlive/2022/texmf-dist/tex/generic/pgf/math/pgfmath.code.tex
(c:/texlive/2022/texmf-dist/tex/generic/pgf/math/pgfmathcalc.code.tex
(c:/texlive/2022/texmf-dist/tex/generic/pgf/math/pgfmathutil.code.tex)
(c:/texlive/2022/texmf-dist/tex/generic/pgf/math/pgfmathparser.code.tex
\pgfmath@dimen=\dimen268
\pgfmath@count=\count320
\pgfmath@box=\box63
\pgfmath@toks=\toks46
\pgfmath@stack@operand=\toks47
\pgfmath@stack@operation=\toks48
)
(c:/texlive/2022/texmf-dist/tex/generic/pgf/math/pgfmathfunctions.code.tex
(c:/texlive/2022/texmf-dist/tex/generic/pgf/math/pgfmathfunctions.basic.code.te
x)
(c:/texlive/2022/texmf-dist/tex/generic/pgf/math/pgfmathfunctions.trigonometric
.code.tex)
(c:/texlive/2022/texmf-dist/tex/generic/pgf/math/pgfmathfunctions.random.code.t
ex)
(c:/texlive/2022/texmf-dist/tex/generic/pgf/math/pgfmathfunctions.comparison.co
de.tex)
(c:/texlive/2022/texmf-dist/tex/generic/pgf/math/pgfmathfunctions.base.code.tex
)
(c:/texlive/2022/texmf-dist/tex/generic/pgf/math/pgfmathfunctions.round.code.te
x)
(c:/texlive/2022/texmf-dist/tex/generic/pgf/math/pgfmathfunctions.misc.code.tex
)
(c:/texlive/2022/texmf-dist/tex/generic/pgf/math/pgfmathfunctions.integerarithm
etics.code.tex)))
(c:/texlive/2022/texmf-dist/tex/generic/pgf/math/pgfmathfloat.code.tex
\c@pgfmathroundto@lastzeros=\count321
))
(c:/texlive/2022/texmf-dist/tex/generic/pgf/math/pgfint.code.tex)
(c:/texlive/2022/texmf-dist/tex/generic/pgf/basiclayer/pgfcorepoints.code.tex
File: pgfcorepoints.code.tex 2021/05/15 v3.1.9a (3.1.9a)
\pgf@picminx=\dimen269
\pgf@picmaxx=\dimen270
\pgf@picminy=\dimen271
\pgf@picmaxy=\dimen272
\pgf@pathminx=\dimen273
\pgf@pathmaxx=\dimen274
\pgf@pathminy=\dimen275
\pgf@pathmaxy=\dimen276
\pgf@xx=\dimen277
\pgf@xy=\dimen278
\pgf@yx=\dimen279
\pgf@yy=\dimen280
\pgf@zx=\dimen281
\pgf@zy=\dimen282
)
(c:/texlive/2022/texmf-dist/tex/generic/pgf/basiclayer/pgfcorepathconstruct.cod
e.tex
File: pgfcorepathconstruct.code.tex 2021/05/15 v3.1.9a (3.1.9a)
\pgf@path@lastx=\dimen283
\pgf@path@lasty=\dimen284
)
(c:/texlive/2022/texmf-dist/tex/generic/pgf/basiclayer/pgfcorepathusage.code.te
x
File: pgfcorepathusage.code.tex 2021/05/15 v3.1.9a (3.1.9a)
\pgf@shorten@end@additional=\dimen285
\pgf@shorten@start@additional=\dimen286
)
(c:/texlive/2022/texmf-dist/tex/generic/pgf/basiclayer/pgfcorescopes.code.tex
File: pgfcorescopes.code.tex 2021/05/15 v3.1.9a (3.1.9a)
\pgfpic=\box64
\pgf@hbox=\box65
\pgf@layerbox@main=\box66
\pgf@picture@serial@count=\count322
)
(c:/texlive/2022/texmf-dist/tex/generic/pgf/basiclayer/pgfcoregraphicstate.code
.tex
File: pgfcoregraphicstate.code.tex 2021/05/15 v3.1.9a (3.1.9a)
\pgflinewidth=\dimen287
)
(c:/texlive/2022/texmf-dist/tex/generic/pgf/basiclayer/pgfcoretransformations.c
ode.tex
File: pgfcoretransformations.code.tex 2021/05/15 v3.1.9a (3.1.9a)
\pgf@pt@x=\dimen288
\pgf@pt@y=\dimen289
\pgf@pt@temp=\dimen290
)
(c:/texlive/2022/texmf-dist/tex/generic/pgf/basiclayer/pgfcorequick.code.tex
File: pgfcorequick.code.tex 2021/05/15 v3.1.9a (3.1.9a)
)
(c:/texlive/2022/texmf-dist/tex/generic/pgf/basiclayer/pgfcoreobjects.code.tex
File: pgfcoreobjects.code.tex 2021/05/15 v3.1.9a (3.1.9a)
)
(c:/texlive/2022/texmf-dist/tex/generic/pgf/basiclayer/pgfcorepathprocessing.co
de.tex
File: pgfcorepathprocessing.code.tex 2021/05/15 v3.1.9a (3.1.9a)
)
(c:/texlive/2022/texmf-dist/tex/generic/pgf/basiclayer/pgfcorearrows.code.tex
File: pgfcorearrows.code.tex 2021/05/15 v3.1.9a (3.1.9a)
\pgfarrowsep=\dimen291
)
(c:/texlive/2022/texmf-dist/tex/generic/pgf/basiclayer/pgfcoreshade.code.tex
File: pgfcoreshade.code.tex 2021/05/15 v3.1.9a (3.1.9a)
\pgf@max=\dimen292
\pgf@sys@shading@range@num=\count323
\pgf@shadingcount=\count324
)
(c:/texlive/2022/texmf-dist/tex/generic/pgf/basiclayer/pgfcoreimage.code.tex
File: pgfcoreimage.code.tex 2021/05/15 v3.1.9a (3.1.9a)

(c:/texlive/2022/texmf-dist/tex/generic/pgf/basiclayer/pgfcoreexternal.code.tex
File: pgfcoreexternal.code.tex 2021/05/15 v3.1.9a (3.1.9a)
\pgfexternal@startupbox=\box67
))
(c:/texlive/2022/texmf-dist/tex/generic/pgf/basiclayer/pgfcorelayers.code.tex
File: pgfcorelayers.code.tex 2021/05/15 v3.1.9a (3.1.9a)
)
(c:/texlive/2022/texmf-dist/tex/generic/pgf/basiclayer/pgfcoretransparency.code
.tex
File: pgfcoretransparency.code.tex 2021/05/15 v3.1.9a (3.1.9a)
)
(c:/texlive/2022/texmf-dist/tex/generic/pgf/basiclayer/pgfcorepatterns.code.tex
File: pgfcorepatterns.code.tex 2021/05/15 v3.1.9a (3.1.9a)
) (c:/texlive/2022/texmf-dist/tex/generic/pgf/basiclayer/pgfcorerdf.code.tex
File: pgfcorerdf.code.tex 2021/05/15 v3.1.9a (3.1.9a)
))) (c:/texlive/2022/texmf-dist/tex/generic/pgf/modules/pgfmoduleshapes.code.te
x
File: pgfmoduleshapes.code.tex 2021/05/15 v3.1.9a (3.1.9a)
\pgfnodeparttextbox=\box68
)
(c:/texlive/2022/texmf-dist/tex/generic/pgf/modules/pgfmoduleplot.code.tex
File: pgfmoduleplot.code.tex 2021/05/15 v3.1.9a (3.1.9a)
)
(c:/texlive/2022/texmf-dist/tex/latex/pgf/compatibility/pgfcomp-version-0-65.st
y
Package: pgfcomp-version-0-65 2021/05/15 v3.1.9a (3.1.9a)
\pgf@nodesepstart=\dimen293
\pgf@nodesepend=\dimen294
)
(c:/texlive/2022/texmf-dist/tex/latex/pgf/compatibility/pgfcomp-version-1-18.st
y
Package: pgfcomp-version-1-18 2021/05/15 v3.1.9a (3.1.9a)
)) (c:/texlive/2022/texmf-dist/tex/latex/pgf/utilities/pgffor.sty
(c:/texlive/2022/texmf-dist/tex/latex/pgf/utilities/pgfkeys.sty
(c:/texlive/2022/texmf-dist/tex/generic/pgf/utilities/pgfkeys.code.tex))
(c:/texlive/2022/texmf-dist/tex/latex/pgf/math/pgfmath.sty
(c:/texlive/2022/texmf-dist/tex/generic/pgf/math/pgfmath.code.tex))
(c:/texlive/2022/texmf-dist/tex/generic/pgf/utilities/pgffor.code.tex
Package: pgffor 2021/05/15 v3.1.9a (3.1.9a)

(c:/texlive/2022/texmf-dist/tex/generic/pgf/math/pgfmath.code.tex)
\pgffor@iter=\dimen295
\pgffor@skip=\dimen296
\pgffor@stack=\toks49
\pgffor@toks=\toks50
))
(c:/texlive/2022/texmf-dist/tex/generic/pgf/frontendlayer/tikz/tikz.code.tex
Package: tikz 2021/05/15 v3.1.9a (3.1.9a)

(c:/texlive/2022/texmf-dist/tex/generic/pgf/libraries/pgflibraryplothandlers.co
de.tex
File: pgflibraryplothandlers.code.tex 2021/05/15 v3.1.9a (3.1.9a)
\pgf@plot@mark@count=\count325
\pgfplotmarksize=\dimen297
)
\tikz@lastx=\dimen298
\tikz@lasty=\dimen299
\tikz@lastxsaved=\dimen300
\tikz@lastysaved=\dimen301
\tikz@lastmovetox=\dimen302
\tikz@lastmovetoy=\dimen303
\tikzleveldistance=\dimen304
\tikzsiblingdistance=\dimen305
\tikz@figbox=\box69
\tikz@figbox@bg=\box70
\tikz@tempbox=\box71
\tikz@tempbox@bg=\box72
\tikztreelevel=\count326
\tikznumberofchildren=\count327
\tikznumberofcurrentchild=\count328
\tikz@fig@count=\count329

(c:/texlive/2022/texmf-dist/tex/generic/pgf/modules/pgfmodulematrix.code.tex
File: pgfmodulematrix.code.tex 2021/05/15 v3.1.9a (3.1.9a)
\pgfmatrixcurrentrow=\count330
\pgfmatrixcurrentcolumn=\count331
\pgf@matrix@numberofcolumns=\count332
)
\tikz@expandcount=\count333

(c:/texlive/2022/texmf-dist/tex/generic/pgf/frontendlayer/tikz/libraries/tikzli
brarytopaths.code.tex
File: tikzlibrarytopaths.code.tex 2021/05/15 v3.1.9a (3.1.9a)
)))
(c:/texlive/2022/texmf-dist/tex/generic/pgfplots/pgfplots.code.tex
(c:/texlive/2022/texmf-dist/tex/generic/pgfplots/pgfplotscore.code.tex
\t@pgfplots@toka=\toks51
\t@pgfplots@tokb=\toks52
\t@pgfplots@tokc=\toks53
\pgfplots@tmpa=\dimen306
\c@pgfplots@coordindex=\count334
\c@pgfplots@scanlineindex=\count335

(c:/texlive/2022/texmf-dist/tex/generic/pgfplots/sys/pgfplotssysgeneric.code.te
x))
(c:/texlive/2022/texmf-dist/tex/generic/pgfplots/libs/pgfplotslibrary.code.tex)

(c:/texlive/2022/texmf-dist/tex/generic/pgfplots/oldpgfcompatib/pgfplotsoldpgfs
upp_loader.code.tex
(c:/texlive/2022/texmf-dist/tex/generic/pgf/libraries/pgflibraryfpu.code.tex))
(c:/texlive/2022/texmf-dist/tex/generic/pgfplots/util/pgfplotsutil.code.tex
(c:/texlive/2022/texmf-dist/tex/generic/pgfplots/liststructure/pgfplotsliststru
cture.code.tex)
(c:/texlive/2022/texmf-dist/tex/generic/pgfplots/liststructure/pgfplotsliststru
ctureext.code.tex)
(c:/texlive/2022/texmf-dist/tex/generic/pgfplots/liststructure/pgfplotsarray.co
de.tex
\c@pgfplotsarray@tmp=\count336
)
(c:/texlive/2022/texmf-dist/tex/generic/pgfplots/liststructure/pgfplotsmatrix.c
ode.tex)
(c:/texlive/2022/texmf-dist/tex/generic/pgfplots/numtable/pgfplotstableshared.c
ode.tex
\c@pgfplotstable@counta=\count337
\t@pgfplotstable@a=\toks54
)
(c:/texlive/2022/texmf-dist/tex/generic/pgfplots/liststructure/pgfplotsdeque.co
de.tex)
(c:/texlive/2022/texmf-dist/tex/generic/pgfplots/util/pgfplotsbinary.code.tex
(c:/texlive/2022/texmf-dist/tex/generic/pgfplots/util/pgfplotsbinary.data.code.
tex))
(c:/texlive/2022/texmf-dist/tex/generic/pgfplots/util/pgfplotsutil.verb.code.te
x)
(c:/texlive/2022/texmf-dist/tex/generic/pgfplots/libs/pgflibrarypgfplots.surfsh
ading.code.tex
\c@pgfplotslibrarysurf@no=\count338

(c:/texlive/2022/texmf-dist/tex/generic/pgfplots/sys/pgflibrarypgfplots.surfsha
ding.pgfsys-xetex.def
(c:/texlive/2022/texmf-dist/tex/generic/pgfplots/sys/pgflibrarypgfplots.surfsha
ding.pgfsys-dvipdfmx.def
\c@pgfplotslibrarysurf@streamlen=\count339
))))
(c:/texlive/2022/texmf-dist/tex/generic/pgfplots/util/pgfplotscolormap.code.tex
(c:/texlive/2022/texmf-dist/tex/generic/pgfplots/util/pgfplotscolor.code.tex))
(c:/texlive/2022/texmf-dist/tex/generic/pgfplots/pgfplotsstackedplots.code.tex)
(c:/texlive/2022/texmf-dist/tex/generic/pgfplots/pgfplotsplothandlers.code.tex
(c:/texlive/2022/texmf-dist/tex/generic/pgfplots/pgfplotsmeshplothandler.code.t
ex
(c:/texlive/2022/texmf-dist/tex/generic/pgfplots/pgfplotsmeshplotimage.code.tex
))) (c:/texlive/2022/texmf-dist/tex/generic/pgfplots/pgfplots.scaling.code.tex)

(c:/texlive/2022/texmf-dist/tex/generic/pgfplots/pgfplotscoordprocessing.code.t
ex)
(c:/texlive/2022/texmf-dist/tex/generic/pgfplots/pgfplots.errorbars.code.tex)
(c:/texlive/2022/texmf-dist/tex/generic/pgfplots/pgfplots.markers.code.tex)
(c:/texlive/2022/texmf-dist/tex/generic/pgfplots/pgfplotsticks.code.tex)
(c:/texlive/2022/texmf-dist/tex/generic/pgfplots/pgfplots.paths.code.tex)
(c:/texlive/2022/texmf-dist/tex/generic/pgf/frontendlayer/tikz/libraries/tikzli
brarydecorations.code.tex
(c:/texlive/2022/texmf-dist/tex/generic/pgf/modules/pgfmoduledecorations.code.t
ex
\pgfdecoratedcompleteddistance=\dimen307
\pgfdecoratedremainingdistance=\dimen308
\pgfdecoratedinputsegmentcompleteddistance=\dimen309
\pgfdecoratedinputsegmentremainingdistance=\dimen310
\pgf@decorate@distancetomove=\dimen311
\pgf@decorate@repeatstate=\count340
\pgfdecorationsegmentamplitude=\dimen312
\pgfdecorationsegmentlength=\dimen313
)
\tikz@lib@dec@box=\box73
)
(c:/texlive/2022/texmf-dist/tex/generic/pgf/frontendlayer/tikz/libraries/tikzli
brarydecorations.pathmorphing.code.tex
(c:/texlive/2022/texmf-dist/tex/generic/pgf/libraries/decorations/pgflibrarydec
orations.pathmorphing.code.tex))
(c:/texlive/2022/texmf-dist/tex/generic/pgf/frontendlayer/tikz/libraries/tikzli
brarydecorations.pathreplacing.code.tex
(c:/texlive/2022/texmf-dist/tex/generic/pgf/libraries/decorations/pgflibrarydec
orations.pathreplacing.code.tex))
(c:/texlive/2022/texmf-dist/tex/generic/pgfplots/libs/tikzlibrarypgfplots.conto
urlua.code.tex)
\pgfplots@numplots=\count341
\pgfplots@xmin@reg=\dimen314
\pgfplots@xmax@reg=\dimen315
\pgfplots@ymin@reg=\dimen316
\pgfplots@ymax@reg=\dimen317
\pgfplots@zmin@reg=\dimen318
\pgfplots@zmax@reg=\dimen319
)
(c:/texlive/2022/texmf-dist/tex/generic/pgf/frontendlayer/tikz/libraries/tikzli
braryplotmarks.code.tex
File: tikzlibraryplotmarks.code.tex 2021/05/15 v3.1.9a (3.1.9a)

(c:/texlive/2022/texmf-dist/tex/generic/pgf/libraries/pgflibraryplotmarks.code.
tex
File: pgflibraryplotmarks.code.tex 2021/05/15 v3.1.9a (3.1.9a)
))) (c:/texlive/2022/texmf-dist/tex/latex/siunitx/siunitx.sty
Package: siunitx 2022-07-23 v3.1.5 A comprehensive (SI) units package
\l__siunitx_angle_tmp_dim=\dimen320
\l__siunitx_angle_marker_box=\box74
\l__siunitx_angle_unit_box=\box75
\l__siunitx_compound_count_int=\count342

(c:/texlive/2022/texmf-dist/tex/latex/translations/translations.sty
Package: translations 2022/02/05 v1.12 internationalization of LaTeX2e packages
 (CN)

(c:/texlive/2022/texmf-dist/tex/generic/pdftexcmds/pdftexcmds.sty
Package: pdftexcmds 2020-06-27 v0.33 Utility functions of pdfTeX for LuaTeX (HO
)

(c:/texlive/2022/texmf-dist/tex/generic/infwarerr/infwarerr.sty
Package: infwarerr 2019/12/03 v1.5 Providing info/warning/error messages (HO)
)
(c:/texlive/2022/texmf-dist/tex/generic/ltxcmds/ltxcmds.sty
Package: ltxcmds 2020-05-10 v1.25 LaTeX kernel commands for general use (HO)
)
Package pdftexcmds Info: \pdf@primitive is available.
Package pdftexcmds Info: \pdf@ifprimitive is available.
Package pdftexcmds Info: \pdfdraftmode not found.
))
\l__siunitx_number_exponent_fixed_int=\count343
\l__siunitx_number_min_decimal_int=\count344
\l__siunitx_number_min_integer_int=\count345
\l__siunitx_number_round_precision_int=\count346
\l__siunitx_number_group_first_int=\count347
\l__siunitx_number_group_size_int=\count348
\l__siunitx_number_group_minimum_int=\count349
\l__siunitx_table_tmp_box=\box76
\l__siunitx_table_tmp_dim=\dimen321
\l__siunitx_table_column_width_dim=\dimen322
\l__siunitx_table_integer_box=\box77
\l__siunitx_table_decimal_box=\box78
\l__siunitx_table_before_box=\box79
\l__siunitx_table_after_box=\box80
\l__siunitx_table_before_dim=\dimen323
\l__siunitx_table_carry_dim=\dimen324
\l__siunitx_unit_tmp_int=\count350
\l__siunitx_unit_position_int=\count351
\l__siunitx_unit_total_int=\count352

(c:/texlive/2022/texmf-dist/tex/latex/tools/array.sty
Package: array 2022/03/10 v2.5f Tabular extension package (FMi)
\col@sep=\dimen325
\ar@mcellbox=\box81
\extrarowheight=\dimen326
\NC@list=\toks55
\extratabsurround=\skip83
\backup@length=\skip84
\ar@cellbox=\box82
))
(c:/texlive/2022/texmf-dist/tex/latex/carlisle/slashed.sty
Package: slashed 1997/01/16 v0.01 Feynman Slashed Character Notation (DPC)
)
(c:/texlive/2022/texmf-dist/tex/latex/stmaryrd/stmaryrd.sty
Package: stmaryrd 1994/03/03 St Mary's Road symbol package
\symstmry=\mathgroup8
LaTeX Font Info:    Overwriting symbol font `stmry' in version `bold'
(Font)                  U/stmry/m/n --> U/stmry/b/n on input line 89.
)
(c:/texlive/2022/texmf-dist/tex/latex/subfig/subfig.sty
Package: subfig 2005/06/28 ver: 1.3 subfig package
\c@KVtest=\count353
\sf@farskip=\skip85
\sf@captopadj=\dimen327
\sf@capskip=\skip86
\sf@nearskip=\skip87
\c@subfigure=\count354
\c@subfigure@save=\count355
\c@lofdepth=\count356
\c@subtable=\count357
\c@subtable@save=\count358
\c@lotdepth=\count359
\sf@top=\skip88
\sf@bottom=\skip89
)
(c:/texlive/2022/texmf-dist/tex/latex/tools/tabularx.sty
Package: tabularx 2020/01/15 v2.11c `tabularx' package (DPC)
\TX@col@width=\dimen328
\TX@old@table=\dimen329
\TX@old@col=\dimen330
\TX@target=\dimen331
\TX@delta=\dimen332
\TX@cols=\count360
\TX@ftn=\toks56
)
(c:/texlive/2022/texmf-dist/tex/latex/tcolorbox/tcolorbox.sty
Package: tcolorbox 2022/06/24 version 5.1.1 text color boxes

(c:/texlive/2022/texmf-dist/tex/latex/tools/verbatim.sty
Package: verbatim 2020-07-07 v1.5u LaTeX2e package for verbatim enhancements
\every@verbatim=\toks57
\verbatim@line=\toks58
\verbatim@in@stream=\read3
)
(c:/texlive/2022/texmf-dist/tex/latex/environ/environ.sty
Package: environ 2014/05/04 v0.3 A new way to define environments

(c:/texlive/2022/texmf-dist/tex/latex/trimspaces/trimspaces.sty
Package: trimspaces 2009/09/17 v1.1 Trim spaces around a token list
))
\tcb@titlebox=\box83
\tcb@upperbox=\box84
\tcb@lowerbox=\box85
\tcb@phantombox=\box86
\c@tcbbreakpart=\count361
\c@tcblayer=\count362
\c@tcolorbox@number=\count363
\tcb@temp=\box87
\tcb@temp=\box88
\tcb@temp=\box89
\tcb@temp=\box90
)
(c:/texlive/2022/texmf-dist/tex/latex/tcolorbox/tcbskins.code.tex
Library (tcolorbox): 'tcbskins.code.tex' version '5.1.1'
\tcb@waterbox=\box91
(c:/texlive/2022/texmf-dist/tex/latex/tcolorbox/tcbskinsjigsaw.code.tex
Library (tcolorbox): 'tcbskinsjigsaw.code.tex' version '5.1.1'
)) (c:/texlive/2022/texmf-dist/tex/latex/tcolorbox/tcbbreakable.code.tex
Library (tcolorbox): 'tcbbreakable.code.tex' version '5.1.1'
(c:/texlive/2022/texmf-dist/tex/generic/oberdiek/pdfcol.sty
Package: pdfcol 2019/12/29 v1.6 Handle new color stacks for pdfTeX (HO)
Package pdfcol Info: Interface disabled because of missing PDF mode of pdfTeX.
)
Package pdfcol Info: pdfTeX's color stacks are not available.
\tcb@testbox=\box92
\tcb@totalupperbox=\box93
\tcb@totallowerbox=\box94
)
(c:/texlive/2022/texmf-dist/tex/latex/tcolorbox/tcbtheorems.code.tex
Library (tcolorbox): 'tcbtheorems.code.tex' version '5.1.1'
) (c:/texlive/2022/texmf-dist/tex/latex/base/textcomp.sty
Package: textcomp 2020/02/02 v2.0n Standard LaTeX package
)
(c:/texlive/2022/texmf-dist/tex/latex/tkz-euclide/tkz-euclide.sty
2022/07/19 4.21c tkz-euclide.sty
Package: tkz-euclide  2022/07/19 4.21c for pure Euclidean Geometry 

(c:/texlive/2022/texmf-dist/tex/generic/pgf/frontendlayer/tikz/libraries/tikzli
braryangles.code.tex
File: tikzlibraryangles.code.tex 2021/05/15 v3.1.9a (3.1.9a)
)
(c:/texlive/2022/texmf-dist/tex/generic/pgf/frontendlayer/tikz/libraries/tikzli
braryarrows.code.tex
File: tikzlibraryarrows.code.tex 2021/05/15 v3.1.9a (3.1.9a)

(c:/texlive/2022/texmf-dist/tex/generic/pgf/libraries/pgflibraryarrows.code.tex
File: pgflibraryarrows.code.tex 2021/05/15 v3.1.9a (3.1.9a)
\arrowsize=\dimen333
))
(c:/texlive/2022/texmf-dist/tex/generic/pgf/libraries/pgflibraryarrows.meta.cod
e.tex
File: pgflibraryarrows.meta.code.tex 2021/05/15 v3.1.9a (3.1.9a)
\pgfarrowinset=\dimen334
\pgfarrowlength=\dimen335
\pgfarrowwidth=\dimen336
\pgfarrowlinewidth=\dimen337
)
(c:/texlive/2022/texmf-dist/tex/generic/pgf/frontendlayer/tikz/libraries/tikzli
brarybackgrounds.code.tex
File: tikzlibrarybackgrounds.code.tex 2021/05/15 v3.1.9a (3.1.9a)
\pgf@layerbox@background=\box95
\pgf@layerboxsaved@background=\box96
)
(c:/texlive/2022/texmf-dist/tex/generic/pgf/frontendlayer/tikz/libraries/tikzli
brarycalc.code.tex
File: tikzlibrarycalc.code.tex 2021/05/15 v3.1.9a (3.1.9a)
)
(c:/texlive/2022/texmf-dist/tex/generic/pgf/frontendlayer/tikz/libraries/tikzli
brarydecorations.markings.code.tex
(c:/texlive/2022/texmf-dist/tex/generic/pgf/libraries/decorations/pgflibrarydec
orations.markings.code.tex))
(c:/texlive/2022/texmf-dist/tex/generic/pgf/frontendlayer/tikz/libraries/tikzli
brarydecorations.shapes.code.tex
(c:/texlive/2022/texmf-dist/tex/generic/pgf/libraries/decorations/pgflibrarydec
orations.shapes.code.tex))
(c:/texlive/2022/texmf-dist/tex/generic/pgf/frontendlayer/tikz/libraries/tikzli
brarydecorations.text.code.tex
(c:/texlive/2022/texmf-dist/tex/generic/pgf/libraries/decorations/pgflibrarydec
orations.text.code.tex
\pgf@lib@dec@text@box=\box97
)
\tikz@lib@dec@te@box=\box98
)
(c:/texlive/2022/texmf-dist/tex/generic/pgf/frontendlayer/tikz/libraries/tikzli
braryintersections.code.tex
(c:/texlive/2022/texmf-dist/tex/generic/pgf/libraries/pgflibraryintersections.c
ode.tex
\pgf@intersect@solutions=\count364
))
(c:/texlive/2022/texmf-dist/tex/generic/pgf/frontendlayer/tikz/libraries/tikzli
brarymath.code.tex
(c:/texlive/2022/texmf-dist/tex/generic/pgf/frontendlayer/tikz/libraries/tikzli
braryfpu.code.tex)
\tikz@math@for@depth=\count365
\tikz@math@dimen=\dimen338
\tikz@math@toks=\toks59
)
(c:/texlive/2022/texmf-dist/tex/generic/pgf/frontendlayer/tikz/libraries/tikzli
brarypositioning.code.tex
File: tikzlibrarypositioning.code.tex 2021/05/15 v3.1.9a (3.1.9a)
)
(c:/texlive/2022/texmf-dist/tex/generic/pgf/frontendlayer/tikz/libraries/tikzli
braryquotes.code.tex
File: tikzlibraryquotes.code.tex 2021/05/15 v3.1.9a (3.1.9a)
)
(c:/texlive/2022/texmf-dist/tex/generic/pgf/frontendlayer/tikz/libraries/tikzli
braryshapes.misc.code.tex
File: tikzlibraryshapes.misc.code.tex 2021/05/15 v3.1.9a (3.1.9a)

(c:/texlive/2022/texmf-dist/tex/generic/pgf/libraries/shapes/pgflibraryshapes.m
isc.code.tex
File: pgflibraryshapes.misc.code.tex 2021/05/15 v3.1.9a (3.1.9a)
))
(c:/texlive/2022/texmf-dist/tex/generic/pgf/frontendlayer/tikz/libraries/tikzli
brarythrough.code.tex
File: tikzlibrarythrough.code.tex 2021/05/15 v3.1.9a (3.1.9a)
)
(c:/texlive/2022/texmf-dist/tex/latex/l3packages/xfp/xfp.sty
Package: xfp 2022-06-22 L3 Floating point unit
)
(c:/texlive/2022/texmf-dist/tex/latex/xpatch/xpatch.sty
Package: xpatch 2020/03/25 v0.3a Extending etoolbox patching commands
)
\tkzRadius=\dimen339
\tkzLength=\dimen340
\tkz@radi=\dimen341
\tkz@ax=\dimen342
\tkz@ay=\dimen343
\tkz@bx=\dimen344
\tkz@by=\dimen345
\tkz@cx=\dimen346
\tkz@cy=\dimen347
\tkz@dx=\dimen348
\tkz@dy=\dimen349
\tkz@cntmk=\count366

Local configuration file tkz-euclide.cfg found and used
(c:/texlive/2022/texmf-dist/tex/latex/tkz-euclide/tkz-euclide.cfg
2022/07/19 4.21c tkz-euclide.cfg
) (c:/texlive/2022/texmf-dist/tex/latex/tkz-euclide/tkz-tools-eu-base.tex
2022/07/19 4.21c tkz-tools-eu-base.tex
) (c:/texlive/2022/texmf-dist/tex/latex/tkz-euclide/tkz-tools-eu-utilities.tex
2022/07/19 4.21c tkz-tools-eu-utilities.tex
) (c:/texlive/2022/texmf-dist/tex/latex/tkz-euclide/tkz-tools-eu-BB.tex
2022/07/19 4.21c tkz-obj-eu-BB.tex
) (c:/texlive/2022/texmf-dist/tex/latex/tkz-euclide/tkz-obj-eu-grids.tex
2022/07/19 4.21c tkz-obj-eu-grids.tex
) (c:/texlive/2022/texmf-dist/tex/latex/tkz-euclide/tkz-lib-eu-marks.tex
2022/07/19 4.21c tkz-lib-eu-marks.tex
) (c:/texlive/2022/texmf-dist/tex/latex/tkz-euclide/tkz-tools-eu-text.tex
2022/07/19 4.21c tkz-tools-eu-text.tex
) (c:/texlive/2022/texmf-dist/tex/latex/tkz-euclide/tkz-lib-eu-shape.tex
2022/07/19 4.21c tkz-lib-eu-shape.tex
) (c:/texlive/2022/texmf-dist/tex/latex/tkz-euclide/tkz-obj-eu-axesmin.tex
2022/07/19 4.21c tkz-obj-eu-axesmin
) (c:/texlive/2022/texmf-dist/tex/latex/tkz-euclide/tkz-tools-eu-colors.tex
2022/07/19 4.21c tkz-tools-eu-colors
) (c:/texlive/2022/texmf-dist/tex/latex/tkz-euclide/tkz-obj-eu-points.tex
2022/07/19 4.21c tkz-obj-eu-points.tex
) (c:/texlive/2022/texmf-dist/tex/latex/tkz-euclide/tkz-obj-eu-draw-points.tex
2022/07/19 4.21c tkz-obj-eu-points.tex
) (c:/texlive/2022/texmf-dist/tex/latex/tkz-euclide/tkz-tools-eu-angles.tex
2022/07/19 4.21c tkz-tools-eu-angles.tex
)
(c:/texlive/2022/texmf-dist/tex/latex/tkz-euclide/tkz-tools-eu-intersections.te
x
2022/07/19 4.21c tkz-tools-eu-intersections.tex
) (c:/texlive/2022/texmf-dist/tex/latex/tkz-euclide/tkz-tools-eu-math.tex
2022/07/19 4.21c tkz-tools-eu-math.tex
) (c:/texlive/2022/texmf-dist/tex/latex/tkz-euclide/tkz-obj-eu-compass.tex
2022/07/19 4.21c tkz-obj-eu-compass.tex
) (c:/texlive/2022/texmf-dist/tex/latex/tkz-euclide/tkz-obj-eu-circles.tex
2022/07/19 4.21c tkz-obj-eu-circles.tex
) (c:/texlive/2022/texmf-dist/tex/latex/tkz-euclide/tkz-obj-eu-circles-by.tex
2022/07/19 4.21c tkz-obj-eu-circles.tex
) (c:/texlive/2022/texmf-dist/tex/latex/tkz-euclide/tkz-obj-eu-draw-angles.tex
2022/07/19 4.21c tkz-tool-eu-angles.tex
) (c:/texlive/2022/texmf-dist/tex/latex/tkz-euclide/tkz-obj-eu-draw-circles.tex
2022/07/19 4.21c tkz-obj-eu-draw-circles.tex
) (c:/texlive/2022/texmf-dist/tex/latex/tkz-euclide/tkz-obj-eu-draw-lines.tex
2022/07/19 4.21c tkz-obj-eu-draw-lines.tex
)
(c:/texlive/2022/texmf-dist/tex/latex/tkz-euclide/tkz-obj-eu-draw-polygons.tex
2022/07/19 4.21c tkz-obj-eu-polygons.tex
)
(c:/texlive/2022/texmf-dist/tex/latex/tkz-euclide/tkz-obj-eu-draw-triangles.tex
2022/07/19 4.21c tkz-obj-eu-draw-triangles.tex
) (c:/texlive/2022/texmf-dist/tex/latex/tkz-euclide/tkz-obj-eu-lines.tex
2022/07/19 4.21c tkz-obj-eu-lines.tex
) (c:/texlive/2022/texmf-dist/tex/latex/tkz-euclide/tkz-obj-eu-points-by.tex
2022/07/19 4.21c tkz-tools-eu-points-by.tex
) (c:/texlive/2022/texmf-dist/tex/latex/tkz-euclide/tkz-obj-eu-points-rnd.tex
2022/07/19 4.21c tkz-obj-eu-points-rnd.tex
) (c:/texlive/2022/texmf-dist/tex/latex/tkz-euclide/tkz-obj-eu-points-spc.tex
2022/07/19 4.21c tkz-obj-eu-points.tex
) (c:/texlive/2022/texmf-dist/tex/latex/tkz-euclide/tkz-obj-eu-points-with.tex
2022/07/19 4.21c tkz-obj-eu-points-with.tex
) (c:/texlive/2022/texmf-dist/tex/latex/tkz-euclide/tkz-obj-eu-polygons.tex
2022/07/19 4.21c tkz-obj-eu-polygons.tex
) (c:/texlive/2022/texmf-dist/tex/latex/tkz-euclide/tkz-obj-eu-protractor.tex
2022/07/19 4.21c tkz-obj-eu-protractor.tex
) (c:/texlive/2022/texmf-dist/tex/latex/tkz-euclide/tkz-obj-eu-sectors.tex
2022/07/19 4.21c tkz-obj-eu-sectors.tex
) (c:/texlive/2022/texmf-dist/tex/latex/tkz-euclide/tkz-obj-eu-show.tex
2022/07/19 4.21c tkz-obj-eu-show.tex
) (c:/texlive/2022/texmf-dist/tex/latex/tkz-euclide/tkz-obj-eu-triangles.tex
2022/07/19 4.21c tkz-obj-eu-triangles.tex
)) (c:/texlive/2022/texmf-dist/tex/latex/cancel/cancel.sty
Package: cancel 2013/04/12 v2.2 Cancel math terms
)
(c:/texlive/2022/texmf-dist/tex/latex/wrapfig/wrapfig.sty
\wrapoverhang=\dimen350
\WF@size=\dimen351
\c@WF@wrappedlines=\count367
\WF@box=\box99
\WF@everypar=\toks60
Package: wrapfig 2003/01/31  v 3.6
)
(c:/texlive/2022/texmf-dist/tex/generic/ulem/ulem.sty
\UL@box=\box100
\UL@hyphenbox=\box101
\UL@skip=\skip90
\UL@hook=\toks61
\UL@height=\dimen352
\UL@pe=\count368
\UL@pixel=\dimen353
\ULC@box=\box102
Package: ulem 2019/11/18
\ULdepth=\dimen354
)
(c:/texlive/2022/texmf-dist/tex/generic/xypic/xy.sty
(c:/texlive/2022/texmf-dist/tex/generic/xypic/xy.tex Bootstrap'ing: catcodes,
docmode, (c:/texlive/2022/texmf-dist/tex/generic/xypic/xyrecat.tex)
(c:/texlive/2022/texmf-dist/tex/generic/xypic/xyidioms.tex)

 Xy-pic version 3.8.9 <2013/10/06>
 Copyright (c) 1991-2013 by Kristoffer H. Rose <krisrose@tug.org> and others
 Xy-pic is free software: see the User's Guide for details.

Loading kernel: messages; fonts; allocations: state,
\X@c=\dimen355
\Y@c=\dimen356
\U@c=\dimen357
\D@c=\dimen358
\L@c=\dimen359
\R@c=\dimen360
\Edge@c=\toks62
\X@p=\dimen361
\Y@p=\dimen362
\U@p=\dimen363
\D@p=\dimen364
\L@p=\dimen365
\R@p=\dimen366
\Edge@p=\toks63
\X@origin=\dimen367
\Y@origin=\dimen368
\X@xbase=\dimen369
\Y@xbase=\dimen370
\X@ybase=\dimen371
\Y@ybase=\dimen372
\X@min=\dimen373
\Y@min=\dimen374
\X@max=\dimen375
\Y@max=\dimen376
\lastobjectbox@=\box103
\zerodotbox@=\box104
\almostz@=\dimen377
 direction,
\d@X=\dimen378
\d@Y=\dimen379
\K@=\count369
\KK@=\count370
\Direction=\count371
\K@dXdY=\dimen380
\K@dYdX=\dimen381
\xyread@=\read4
\xywrite@=\write4
\csp@=\count372
\quotPTK@=\dimen382

utility macros; pictures: \xy, positions,
\swaptoks@@=\toks64
\connectobjectbox@@=\box105
 objects,
\styletoks@=\toks65
 decorations;
kernel objects: directionals, circles, text; options; algorithms: directions,
edges, connections;  Xy-pic loaded)
(c:/texlive/2022/texmf-dist/tex/generic/iftex/ifpdf.sty
Package: ifpdf 2019/10/25 v3.4 ifpdf legacy package. Use iftex instead.
)
Package: xy 2013/10/06 Xy-pic version 3.8.9

(c:/texlive/2022/texmf-dist/tex/generic/xypic/xyall.tex
 Xy-pic option: All features v.3.8
(c:/texlive/2022/texmf-dist/tex/generic/xypic/xycurve.tex
 Xy-pic option: Curve and Spline extension v.3.12 curve,
\crv@cnt@=\count373
\crvpts@=\toks66
\splinebox@=\box106
\splineval@=\dimen383
\splinedepth@=\dimen384
\splinetol@=\dimen385
\splinelength@=\dimen386
 circles,
\L@=\dimen387
 loaded)
(c:/texlive/2022/texmf-dist/tex/generic/xypic/xyframe.tex
 Xy-pic option: Frame and Bracket extension v.3.14 loaded)
(c:/texlive/2022/texmf-dist/tex/generic/xypic/xycmtip.tex
 Xy-pic option: Computer Modern tip extension v.3.7
(c:/texlive/2022/texmf-dist/tex/generic/xypic/xytips.tex
 Xy-pic option: More Tips extension v.3.11 loaded) loaded)
(c:/texlive/2022/texmf-dist/tex/generic/xypic/xyline.tex
 Xy-pic option: Line styles extension v.3.10
\xylinethick@=\dimen388
 loaded)
(c:/texlive/2022/texmf-dist/tex/generic/xypic/xyrotate.tex
 Xy-pic option: Rotate and Scale extension v.3.8 loaded)
(c:/texlive/2022/texmf-dist/tex/generic/xypic/xycolor.tex
 Xy-pic option: Colour extension v.3.11 loaded)
(c:/texlive/2022/texmf-dist/tex/generic/xypic/xymatrix.tex
 Xy-pic option: Matrix feature v.3.14
\Row=\count374
\Col=\count375
\queue@=\toks67
\queue@@=\toks68
\qcount@=\count376
\qcount@@=\count377
\matrixsize@=\count378
 loaded)
(c:/texlive/2022/texmf-dist/tex/generic/xypic/xyarrow.tex
 Xy-pic option: Arrow and Path feature v.3.9 path, \ar, loaded)
(c:/texlive/2022/texmf-dist/tex/generic/xypic/xygraph.tex
 Xy-pic option: Graph feature v.3.11 loaded) loaded))
(c:/texlive/2022/texmf-dist/tex/latex/cmbright/cmbright.sty
Package: cmbright 2005/04/13 v8.1 (WaS)
LaTeX Font Info:    Redeclaring symbol font `operators' on input line 29.
LaTeX Font Info:    Overwriting symbol font `operators' in version `normal'
(Font)                  OT1/cmr/m/n --> OT1/cmbr/m/n on input line 29.
LaTeX Font Info:    Overwriting symbol font `operators' in version `bold'
(Font)                  OT1/cmr/bx/n --> OT1/cmbr/m/n on input line 29.
LaTeX Font Info:    Redeclaring symbol font `letters' on input line 30.
LaTeX Font Info:    Overwriting symbol font `letters' in version `normal'
(Font)                  OML/cmm/m/it --> OML/cmbrm/m/it on input line 30.
LaTeX Font Info:    Overwriting symbol font `letters' in version `bold'
(Font)                  OML/cmm/b/it --> OML/cmbrm/m/it on input line 30.
LaTeX Font Info:    Overwriting symbol font `letters' in version `bold'
(Font)                  OML/cmbrm/m/it --> OML/cmbrm/b/it on input line 31.
LaTeX Font Info:    Redeclaring symbol font `symbols' on input line 32.
LaTeX Font Info:    Overwriting symbol font `symbols' in version `normal'
(Font)                  OMS/cmsy/m/n --> OMS/cmbrs/m/n on input line 32.
LaTeX Font Info:    Overwriting symbol font `symbols' in version `bold'
(Font)                  OMS/cmsy/b/n --> OMS/cmbrs/m/n on input line 32.
LaTeX Font Info:    Redeclaring math alphabet \mathit on input line 33.
LaTeX Font Info:    Overwriting math alphabet `\mathit' in version `normal'
(Font)                  OT1/cmr/m/it --> OT1/cmbr/m/sl on input line 33.
LaTeX Font Info:    Overwriting math alphabet `\mathit' in version `bold'
(Font)                  OT1/cmr/bx/it --> OT1/cmbr/m/sl on input line 33.
LaTeX Font Info:    Redeclaring math alphabet \mathbf on input line 34.
LaTeX Font Info:    Overwriting math alphabet `\mathbf' in version `normal'
(Font)                  OT1/cmr/bx/n --> OT1/cmbr/bx/n on input line 34.
LaTeX Font Info:    Overwriting math alphabet `\mathbf' in version `bold'
(Font)                  OT1/cmr/bx/n --> OT1/cmbr/bx/n on input line 34.
LaTeX Font Info:    Redeclaring math alphabet \mathtt on input line 35.
LaTeX Font Info:    Overwriting math alphabet `\mathtt' in version `normal'
(Font)                  OT1/cmtt/m/n --> OT1/cmtl/m/n on input line 35.
LaTeX Font Info:    Overwriting math alphabet `\mathtt' in version `bold'
(Font)                  OT1/cmtt/m/n --> OT1/cmtl/m/n on input line 35.
LaTeX Font Info:    Redeclaring math symbol \alpha on input line 37.
LaTeX Font Info:    Redeclaring math symbol \beta on input line 38.
LaTeX Font Info:    Redeclaring math symbol \gamma on input line 39.
LaTeX Font Info:    Redeclaring math symbol \delta on input line 40.
LaTeX Font Info:    Redeclaring math symbol \epsilon on input line 41.
LaTeX Font Info:    Redeclaring math symbol \zeta on input line 42.
LaTeX Font Info:    Redeclaring math symbol \eta on input line 43.
LaTeX Font Info:    Redeclaring math symbol \theta on input line 44.
LaTeX Font Info:    Redeclaring math symbol \iota on input line 45.
LaTeX Font Info:    Redeclaring math symbol \kappa on input line 46.
LaTeX Font Info:    Redeclaring math symbol \lambda on input line 47.
LaTeX Font Info:    Redeclaring math symbol \mu on input line 48.
LaTeX Font Info:    Redeclaring math symbol \nu on input line 49.
LaTeX Font Info:    Redeclaring math symbol \xi on input line 50.
LaTeX Font Info:    Redeclaring math symbol \pi on input line 51.
LaTeX Font Info:    Redeclaring math symbol \rho on input line 52.
LaTeX Font Info:    Redeclaring math symbol \sigma on input line 53.
LaTeX Font Info:    Redeclaring math symbol \tau on input line 54.
LaTeX Font Info:    Redeclaring math symbol \upsilon on input line 55.
LaTeX Font Info:    Redeclaring math symbol \phi on input line 56.
LaTeX Font Info:    Redeclaring math symbol \chi on input line 57.
LaTeX Font Info:    Redeclaring math symbol \psi on input line 58.
LaTeX Font Info:    Redeclaring math symbol \omega on input line 59.
LaTeX Font Info:    Redeclaring math symbol \varepsilon on input line 60.
LaTeX Font Info:    Redeclaring math symbol \vartheta on input line 61.
LaTeX Font Info:    Redeclaring math symbol \varpi on input line 62.
LaTeX Font Info:    Redeclaring math symbol \varrho on input line 63.
LaTeX Font Info:    Redeclaring math symbol \varsigma on input line 64.
LaTeX Font Info:    Redeclaring math symbol \varphi on input line 65.
LaTeX Info: Redefining \LaTeX on input line 129.
LaTeX Info: Redefining \LaTeXe on input line 139.
LaTeX Font Info:    Trying to load font information for TU+cmbr on input line 1
44.
LaTeX Font Info:    No file TUcmbr.fd. on input line 144.


LaTeX Font Warning: Font shape `TU/cmbr/m/n' undefined
(Font)              using `TU/lmr/m/n' instead on input line 144.

) (c:/texlive/2022/texmf-dist/tex/latex/fancybox/fancybox.sty
Package: fancybox 2010/05/15 1.4

Style option: `fancybox' v1.4 <2010/05/15> (tvz)
\@fancybox=\box107
\shadowsize=\dimen389
\@Sbox=\box108
\do@VerbBox=\toks69
\the@fancyput=\toks70
\this@fancyput=\toks71
\EndVerbatimTokens=\toks72
\Verbatim@Outfile=\write5
\Verbatim@Infile=\read5
) (c:/texlive/2022/texmf-dist/tex/latex/imakeidx/imakeidx.sty
Package: imakeidx 2016/10/15 v1.3e Package for typesetting indices in a synchro
nous mode

(c:/texlive/2022/texmf-dist/tex/latex/xkeyval/xkeyval.sty
Package: xkeyval 2022/06/16 v2.9 package option processing (HA)

(c:/texlive/2022/texmf-dist/tex/generic/xkeyval/xkeyval.tex
(c:/texlive/2022/texmf-dist/tex/generic/xkeyval/xkvutils.tex
\XKV@toks=\toks73
\XKV@tempa@toks=\toks74
)
\XKV@depth=\count379
File: xkeyval.tex 2014/12/03 v2.7a key=value parser (HA)
))
(c:/texlive/2022/texmf-dist/tex/generic/iftex/ifxetex.sty
Package: ifxetex 2019/10/25 v0.7 ifxetex legacy package. Use iftex instead.
)
(c:/texlive/2022/texmf-dist/tex/generic/iftex/ifluatex.sty
Package: ifluatex 2019/10/25 v1.5 ifluatex legacy package. Use iftex instead.
)
(c:/texlive/2022/texmf-dist/tex/latex/tools/multicol.sty
Package: multicol 2021/11/30 v1.9d multicolumn formatting (FMi)
\c@tracingmulticols=\count380
\mult@box=\box109
\multicol@leftmargin=\dimen390
\c@unbalance=\count381
\c@collectmore=\count382
\doublecol@number=\count383
\multicoltolerance=\count384
\multicolpretolerance=\count385
\full@width=\dimen391
\page@free=\dimen392
\premulticols=\dimen393
\postmulticols=\dimen394
\multicolsep=\skip91
\multicolbaselineskip=\skip92
\partial@page=\box110
\last@line=\box111
\maxbalancingoverflow=\dimen395
\mult@rightbox=\box112
\mult@grightbox=\box113
\mult@firstbox=\box114
\mult@gfirstbox=\box115
\@tempa=\box116
\@tempa=\box117
\@tempa=\box118
\@tempa=\box119
\@tempa=\box120
\@tempa=\box121
\@tempa=\box122
\@tempa=\box123
\@tempa=\box124
\@tempa=\box125
\@tempa=\box126
\@tempa=\box127
\@tempa=\box128
\@tempa=\box129
\@tempa=\box130
\@tempa=\box131
\@tempa=\box132
\@tempa=\box133
\@tempa=\box134
\@tempa=\box135
\@tempa=\box136
\@tempa=\box137
\@tempa=\box138
\@tempa=\box139
\@tempa=\box140
\@tempa=\box141
\@tempa=\box142
\@tempa=\box143
\@tempa=\box144
\@tempa=\box145
\@tempa=\box146
\@tempa=\box147
\@tempa=\box148
\@tempa=\box149
\@tempa=\box150
\@tempa=\box151
\c@minrows=\count386
\c@columnbadness=\count387
\c@finalcolumnbadness=\count388
\last@try=\dimen396
\multicolovershoot=\dimen397
\multicolundershoot=\dimen398
\mult@nat@firstbox=\box152
\colbreak@box=\box153
\mc@col@check@num=\count389
))
\Tu@idxfile=\write6
\openout6 = `Tu.idx'.


Writing index file Tu.idx
(c:/texlive/2022/texmf-dist/tex/latex/geometry/geometry.sty
Package: geometry 2020/01/02 v5.9 Page Geometry

(c:/texlive/2022/texmf-dist/tex/generic/iftex/ifvtex.sty
Package: ifvtex 2019/10/25 v1.7 ifvtex legacy package. Use iftex instead.
)
\Gm@cnth=\count390
\Gm@cntv=\count391
\c@Gm@tempcnt=\count392
\Gm@bindingoffset=\dimen399
\Gm@wd@mp=\dimen400
\Gm@odd@mp=\dimen401
\Gm@even@mp=\dimen402
\Gm@layoutwidth=\dimen403
\Gm@layoutheight=\dimen404
\Gm@layouthoffset=\dimen405
\Gm@layoutvoffset=\dimen406
\Gm@dimlist=\toks75
)
(c:/texlive/2022/texmf-dist/tex/latex/hyperref/hyperref.sty
Package: hyperref 2022-06-20 v7.00s Hypertext links for LaTeX

(c:/texlive/2022/texmf-dist/tex/generic/kvsetkeys/kvsetkeys.sty
Package: kvsetkeys 2019/12/15 v1.18 Key value parser (HO)
)
(c:/texlive/2022/texmf-dist/tex/generic/kvdefinekeys/kvdefinekeys.sty
Package: kvdefinekeys 2019-12-19 v1.6 Define keys (HO)
)
(c:/texlive/2022/texmf-dist/tex/generic/pdfescape/pdfescape.sty
Package: pdfescape 2019/12/09 v1.15 Implements pdfTeX's escape features (HO)
)
(c:/texlive/2022/texmf-dist/tex/latex/hycolor/hycolor.sty
Package: hycolor 2020-01-27 v1.10 Color options for hyperref/bookmark (HO)
)
(c:/texlive/2022/texmf-dist/tex/latex/letltxmacro/letltxmacro.sty
Package: letltxmacro 2019/12/03 v1.6 Let assignment for LaTeX macros (HO)
)
(c:/texlive/2022/texmf-dist/tex/latex/auxhook/auxhook.sty
Package: auxhook 2019-12-17 v1.6 Hooks for auxiliary files (HO)
)
(c:/texlive/2022/texmf-dist/tex/latex/hyperref/nameref.sty
Package: nameref 2022-05-17 v2.50 Cross-referencing by name of section

(c:/texlive/2022/texmf-dist/tex/latex/refcount/refcount.sty
Package: refcount 2019/12/15 v3.6 Data extraction from label references (HO)
)
(c:/texlive/2022/texmf-dist/tex/generic/gettitlestring/gettitlestring.sty
Package: gettitlestring 2019/12/15 v1.6 Cleanup title references (HO)

(c:/texlive/2022/texmf-dist/tex/latex/kvoptions/kvoptions.sty
Package: kvoptions 2022-06-15 v3.15 Key value format for package options (HO)
))
\c@section@level=\count393
)
\@linkdim=\dimen407
\Hy@linkcounter=\count394
\Hy@pagecounter=\count395

(c:/texlive/2022/texmf-dist/tex/latex/hyperref/pd1enc.def
File: pd1enc.def 2022-06-20 v7.00s Hyperref: PDFDocEncoding definition (HO)
)
(c:/texlive/2022/texmf-dist/tex/generic/intcalc/intcalc.sty
Package: intcalc 2019/12/15 v1.3 Expandable calculations with integers (HO)
)
(c:/texlive/2022/texmf-dist/tex/generic/etexcmds/etexcmds.sty
Package: etexcmds 2019/12/15 v1.7 Avoid name clashes with e-TeX commands (HO)
)
\Hy@SavedSpaceFactor=\count396

(c:/texlive/2022/texmf-dist/tex/latex/hyperref/puenc.def
File: puenc.def 2022-06-20 v7.00s Hyperref: PDF Unicode definition (HO)
)
Package hyperref Info: Hyper figures OFF on input line 4162.
Package hyperref Info: Link nesting OFF on input line 4167.
Package hyperref Info: Hyper index ON on input line 4170.
Package hyperref Info: Plain pages OFF on input line 4177.
Package hyperref Info: Backreferencing OFF on input line 4182.
Package hyperref Info: Implicit mode ON; LaTeX internals redefined.
Package hyperref Info: Bookmarks ON on input line 4408.
\c@Hy@tempcnt=\count397

(c:/texlive/2022/texmf-dist/tex/latex/url/url.sty
\Urlmuskip=\muskip20
Package: url 2013/09/16  ver 3.4  Verb mode for urls, etc.
)
LaTeX Info: Redefining \url on input line 4746.
\XeTeXLinkMargin=\dimen408

(c:/texlive/2022/texmf-dist/tex/generic/bitset/bitset.sty
Package: bitset 2019/12/09 v1.3 Handle bit-vector datatype (HO)

(c:/texlive/2022/texmf-dist/tex/generic/bigintcalc/bigintcalc.sty
Package: bigintcalc 2019/12/15 v1.5 Expandable calculations on big integers (HO
)
))
\Fld@menulength=\count398
\Field@Width=\dimen409
\Fld@charsize=\dimen410
Package hyperref Info: Hyper figures OFF on input line 6024.
Package hyperref Info: Link nesting OFF on input line 6029.
Package hyperref Info: Hyper index ON on input line 6032.
Package hyperref Info: backreferencing OFF on input line 6039.
Package hyperref Info: Link coloring OFF on input line 6044.
Package hyperref Info: Link coloring with OCG OFF on input line 6049.
Package hyperref Info: PDF/A mode OFF on input line 6054.
\Hy@abspage=\count399
\c@Item=\count400
\c@Hfootnote=\count401
)
Package hyperref Info: Driver (autodetected): hxetex.

(c:/texlive/2022/texmf-dist/tex/latex/hyperref/hxetex.def
File: hxetex.def 2022-06-20 v7.00s Hyperref driver for XeTeX

(c:/texlive/2022/texmf-dist/tex/generic/stringenc/stringenc.sty
Package: stringenc 2019/11/29 v1.12 Convert strings between diff. encodings (HO
)
)
\pdfm@box=\box154
\c@Hy@AnnotLevel=\count402
\HyField@AnnotCount=\count403
\Fld@listcount=\count404
\c@bookmark@seq@number=\count405

(c:/texlive/2022/texmf-dist/tex/latex/rerunfilecheck/rerunfilecheck.sty
Package: rerunfilecheck 2022-07-10 v1.10 Rerun checks for auxiliary files (HO)

(c:/texlive/2022/texmf-dist/tex/latex/base/atveryend-ltx.sty
Package: atveryend-ltx 2020/08/19 v1.0a Emulation of the original atveryend pac
kage
with kernel methods
)
(c:/texlive/2022/texmf-dist/tex/generic/uniquecounter/uniquecounter.sty
Package: uniquecounter 2019/12/15 v1.4 Provide unlimited unique counter (HO)
)
Package uniquecounter Info: New unique counter `rerunfilecheck' on input line 2
85.
)
\Hy@SectionHShift=\skip93
)
(c:/texlive/2022/texmf-dist/tex/latex/titlesec/titlesec.sty
Package: titlesec 2021/07/05 v2.14 Sectioning titles
\ttl@box=\box155
\beforetitleunit=\skip94
\aftertitleunit=\skip95
\ttl@plus=\dimen411
\ttl@minus=\dimen412
\ttl@toksa=\toks76
\titlewidth=\dimen413
\titlewidthlast=\dimen414
\titlewidthfirst=\dimen415
)
(c:/texlive/2022/texmf-dist/tex/latex/transparent/transparent.sty
Package: transparent 2019/11/29 v1.4 Transparency via pdfTeX's color stack (HO)



Package transparent Warning: Loading aborted, because pdfTeX is not running in 
PDF mode.

) (c:/texlive/2022/texmf-dist/tex/latex/import/import.sty
Package: import 2020/04/01  v 6.2
)
\c@handout=\count406
\c@trash=\count407
)
Package translations Info: No language package found. I am going to use `englis
h' as default language. on input line 9.
 (./Tu.aux)
\openout1 = `Tu.aux'.

LaTeX Font Info:    Checking defaults for OML/cmm/m/it on input line 9.
LaTeX Font Info:    ... okay on input line 9.
LaTeX Font Info:    Checking defaults for OMS/cmsy/m/n on input line 9.
LaTeX Font Info:    ... okay on input line 9.
LaTeX Font Info:    Checking defaults for OT1/cmr/m/n on input line 9.
LaTeX Font Info:    ... okay on input line 9.
LaTeX Font Info:    Checking defaults for T1/cmr/m/n on input line 9.
LaTeX Font Info:    ... okay on input line 9.
LaTeX Font Info:    Checking defaults for TS1/cmr/m/n on input line 9.
LaTeX Font Info:    Trying to load font information for TS1+cmr on input line 9
.

(c:/texlive/2022/texmf-dist/tex/latex/base/ts1cmr.fd
File: ts1cmr.fd 2019/12/16 v2.5j Standard LaTeX font definitions
)
LaTeX Font Info:    ... okay on input line 9.
LaTeX Font Info:    Checking defaults for TU/lmr/m/n on input line 9.
LaTeX Font Info:    ... okay on input line 9.
LaTeX Font Info:    Checking defaults for OMX/cmex/m/n on input line 9.
LaTeX Font Info:    ... okay on input line 9.
LaTeX Font Info:    Checking defaults for U/cmr/m/n on input line 9.
LaTeX Font Info:    ... okay on input line 9.
LaTeX Font Info:    Checking defaults for PD1/pdf/m/n on input line 9.
LaTeX Font Info:    ... okay on input line 9.
LaTeX Font Info:    Checking defaults for PU/pdf/m/n on input line 9.
LaTeX Font Info:    ... okay on input line 9.
Package caption Info: Begin \AtBeginDocument code.
Package caption Info: subfig package v1.3 is loaded.
Package caption Info: float package is loaded.
Package caption Info: hyperref package is loaded.
Package caption Info: listings package is loaded.
Package caption Info: wrapfig package is loaded.
Package caption Info: End \AtBeginDocument code.
\c@lstlisting=\count408
LaTeX Info: Redefining \microtypecontext on input line 9.
Package microtype Info: Applying patch `item' on input line 9.
Package microtype Info: Applying patch `toc' on input line 9.
Package microtype Info: Applying patch `eqnum' on input line 9.
Package microtype Info: Applying patch `footnote' on input line 9.
Package microtype Info: Character protrusion enabled (level 2).
Package microtype Info: Using default protrusion set `alltext'.
Package microtype Info: No adjustment of tracking.
Package microtype Info: No adjustment of spacing.
Package microtype Info: No adjustment of kerning.
Package microtype Info: Loading generic protrusion settings for font family
(microtype)             `cmbr' (encoding: TU).
(microtype)             For optimal results, create family-specific settings.
(microtype)             See the microtype manual for details.

Package chemgreek Info: Activating mapping `default' on line 9.


Package pgfplots notification 'compat/show suggested version=true': you might b
enefit from \pgfplotsset{compat=1.18} (current compat level: 1.12).


(c:/texlive/2022/texmf-dist/tex/latex/translations/translations-basic-dictionar
y-english.trsl
File: translations-basic-dictionary-english.trsl (english translation file `tra
nslations-basic-dictionary')
)
Package translations Info: loading dictionary `translations-basic-dictionary' f
or `english'. on input line 9.

*geometry* driver: auto-detecting
*geometry* detected driver: xetex
*geometry* verbose mode - [ preamble ] result:
* driver: xetex
* paper: a5paper
* layout: <same size as paper>
* layoutoffset:(h,v)=(0.0pt,0.0pt)
* modes: 
* h-part:(L,W,R)=(10.0pt, 401.10078pt, 10.0pt)
* v-part:(T,H,B)=(0.0pt, 587.50787pt, 10.0pt)
* \paperwidth=421.10078pt
* \paperheight=597.50787pt
* \textwidth=401.10078pt
* \textheight=587.50787pt
* \oddsidemargin=-62.26999pt
* \evensidemargin=-62.26999pt
* \topmargin=-109.26999pt
* \headheight=12.0pt
* \headsep=25.0pt
* \topskip=10.0pt
* \footskip=30.0pt
* \marginparwidth=65.0pt
* \marginparsep=11.0pt
* \columnsep=10.0pt
* \skip\footins=9.0pt plus 4.0pt minus 2.0pt
* \hoffset=0.0pt
* \voffset=0.0pt
* \mag=1000
* \@twocolumnfalse
* \@twosidefalse
* \@mparswitchfalse
* \@reversemarginfalse
* (1in=72.27pt=25.4mm, 1cm=28.453pt)

Package hyperref Info: Link coloring OFF on input line 9.
(./Tu.out) (./Tu.out)
\@outlinefile=\write7
\openout7 = `Tu.out'.

LaTeX Font Info:    Trying to load font information for OT1+cmbr on input line 
11.
 (c:/texlive/2022/texmf-dist/tex/latex/cmbright/ot1cmbr.fd
File: ot1cmbr.fd 2005/04/13 v8.1 (WaS)
)
Package microtype Info: Loading generic protrusion settings for font family
(microtype)             `cmbr' (encoding: OT1).
(microtype)             For optimal results, create family-specific settings.
(microtype)             See the microtype manual for details.
LaTeX Font Info:    Trying to load font information for OML+cmbrm on input line
 11.
 (c:/texlive/2022/texmf-dist/tex/latex/cmbright/omlcmbrm.fd
File: omlcmbrm.fd 2005/04/13 v8.1 (WaS)
)
LaTeX Font Info:    Trying to load font information for OMS+cmbrs on input line
 11.

(c:/texlive/2022/texmf-dist/tex/latex/cmbright/omscmbrs.fd
File: omscmbrs.fd 2005/04/13 v8.1 (WaS)
)
(c:/texlive/2022/texmf-dist/tex/latex/microtype/mt-msa.cfg
File: mt-msa.cfg 2006/02/04 v1.1 microtype config. file: AMS symbols (a) (RS)
)
(c:/texlive/2022/texmf-dist/tex/latex/microtype/mt-msb.cfg
File: mt-msb.cfg 2005/06/01 v1.0 microtype config. file: AMS symbols (b) (RS)
)
LaTeX Font Info:    Trying to load font information for U+esint on input line 1
1.

(c:/texlive/2022/texmf-dist/tex/latex/esint/uesint.fd
File: uesint.fd 
)
LaTeX Font Info:    Trying to load font information for U+rsfs on input line 11
.

(c:/texlive/2022/texmf-dist/tex/latex/jknapltx/ursfs.fd
File: ursfs.fd 1998/03/24 rsfs font definition file (jk)
)
LaTeX Font Info:    Trying to load font information for U+stmry on input line 1
1.

(c:/texlive/2022/texmf-dist/tex/latex/stmaryrd/Ustmry.fd)

LaTeX Font Warning: Font shape `TU/cmbr/b/n' undefined
(Font)              using `TU/cmbr/m/n' instead on input line 11.

(./Tu.toc)
\tf@toc=\write8
\openout8 = `Tu.toc'.

 [1

] (./sec1.tex) [2]
runsystem(makeindex Tu.idx)...executed safely (allowed).

 (./Tu.ind) (./Tu.bbl

LaTeX Warning: Empty `thebibliography' environment on input line 3.

) [3

] (./Tu.aux)

LaTeX Font Warning: Some font shapes were not available, defaults substituted.

Package rerunfilecheck Info: File `Tu.out' has not changed.
(rerunfilecheck)             Checksum: 541D35C450D5CBC58BAAE13E53072A26;243.
 ) 
Here is how much of TeX's memory you used:
 52952 strings out of 475865
 1228619 string characters out of 5805584
 1687591 words of memory out of 5000000
 73029 multiletter control sequences out of 15000+600000
 483128 words of font info for 100 fonts, out of 8000000 for 9000
 1348 hyphenation exceptions out of 8191
 104i,10n,97p,1183b,778s stack positions out of 10000i,1000n,20000p,200000b,200000s

Output written on Tu.pdf (3 pages).
